This file contains any messages produced by compilers while
running configure, to aid debugging if configure makes a mistake.

It was created by MacPorts configure 2.3.3, which was
generated by GNU Autoconf 2.69.  Invocation command line was

  $ ./configure 

## --------- ##
## Platform. ##
## --------- ##

hostname = JiangdeMacBook-Pro.local
uname -m = x86_64
uname -r = 13.3.0
uname -s = Darwin
uname -v = Darwin Kernel Version 13.3.0: Tue Jun  3 21:27:35 PDT 2014; root:xnu-2422.110.17~1/RELEASE_X86_64

/usr/bin/uname -p = i386
/bin/uname -X     = unknown

/bin/arch              = unknown
/usr/bin/arch -k       = unknown
/usr/convex/getsysinfo = unknown
/usr/bin/hostinfo      = Mach kernel version:
	 Darwin Kernel Version 13.3.0: Tue Jun  3 21:27:35 PDT 2014; root:xnu-2422.110.17~1/RELEASE_X86_64
Kernel configured for up to 4 processors.
2 processors are physically available.
4 processors are logically available.
Processor type: i486 (Intel 80486)
Processors active: 0 1 2 3
Primary memory available: 16.00 gigabytes
Default processor set: 241 tasks, 6087 threads, 4 processors
Load average: 1.62, Mach factor: 2.40
/bin/machine           = unknown
/usr/bin/oslevel       = unknown
/bin/universe          = unknown

PATH: /usr/local/go/bin
PATH: /Users/Jiangyuhang/bin
PATH: /usr/local/bin
PATH: /usr/bin
PATH: /bin
PATH: /usr/sbin
PATH: /sbin
PATH: /usr/local/bin
PATH: /opt/X11/bin
PATH: /usr/local/git/bin
PATH: /usr/local/go/bin
PATH: /usr/texbin


## ----------- ##
## Core tests. ##
## ----------- ##

configure:2676: checking build system type
configure:2690: result: x86_64-apple-darwin13.3.0
configure:2710: checking host system type
configure:2723: result: x86_64-apple-darwin13.3.0
configure:2743: checking target system type
configure:2756: result: x86_64-apple-darwin13.3.0
configure:2784: checking MacPorts version
configure:2787: result: 2.3.3
configure:2906: checking for sw_vers
configure:2924: found /usr/bin/sw_vers
configure:2936: result: /usr/bin/sw_vers
configure:2946: checking for defaults
configure:2964: found /usr/bin/defaults
configure:2976: result: /usr/bin/defaults
configure:2986: checking for xcode-select
configure:3004: found /usr/bin/xcode-select
configure:3016: result: /usr/bin/xcode-select
configure:3026: checking Mac OS X version
configure:3029: result: 10.9.4
configure:3039: WARNING: This version of Mac OS X is out of date
configure:3041: WARNING: Please run Software Update to update it
configure:3051: checking Xcode location
configure:3063: result: /Applications/Xcode.app/Contents/Developer
configure:3077: checking Xcode version
configure:3084: result: 5.1.1
configure:3162: checking for clang
configure:3178: found /usr/bin/clang
configure:3189: result: clang
configure:3220: checking for C compiler version
configure:3229: clang --version >&5
Apple LLVM version 5.1 (clang-503.0.40) (based on LLVM 3.4svn)
Target: x86_64-apple-darwin13.3.0
Thread model: posix
configure:3240: $? = 0
configure:3229: clang -v >&5
Apple LLVM version 5.1 (clang-503.0.40) (based on LLVM 3.4svn)
Target: x86_64-apple-darwin13.3.0
Thread model: posix
configure:3240: $? = 0
configure:3229: clang -V >&5
clang: error: argument to '-V' is missing (expected 1 value)
clang: error: no input files
configure:3240: $? = 1
configure:3229: clang -qversion >&5
clang: error: unknown argument: '-qversion' [-Wunused-command-line-argument-hard-error-in-future]
clang: note: this will be a hard error (cannot be downgraded to a warning) in the future
clang: error: no input files
configure:3240: $? = 1
configure:3260: checking whether the C compiler works
configure:3282: clang    conftest.c  >&5
configure:3286: $? = 0
configure:3334: result: yes
configure:3337: checking for C compiler default output file name
configure:3339: result: a.out
configure:3345: checking for suffix of executables
configure:3352: clang -o conftest    conftest.c  >&5
configure:3356: $? = 0
configure:3378: result: 
configure:3400: checking whether we are cross compiling
configure:3408: clang -o conftest    conftest.c  >&5
configure:3412: $? = 0
configure:3419: ./conftest
configure:3423: $? = 0
configure:3438: result: no
configure:3443: checking for suffix of object files
configure:3465: clang -c   conftest.c >&5
configure:3469: $? = 0
configure:3490: result: o
configure:3494: checking whether we are using the GNU C compiler
configure:3513: clang -c   conftest.c >&5
configure:3513: $? = 0
configure:3522: result: yes
configure:3531: checking whether clang accepts -g
configure:3551: clang -c -g  conftest.c >&5
configure:3551: $? = 0
configure:3592: result: yes
configure:3609: checking for clang option to accept ISO C89
configure:3672: clang  -c -g -O2  conftest.c >&5
configure:3672: $? = 0
configure:3685: result: none needed
configure:3719: checking for a BSD-compatible install
configure:3787: result: /usr/bin/install -c
configure:3798: checking whether ln -s works
configure:3802: result: yes
configure:3809: checking whether make sets $(MAKE)
configure:3831: result: yes
configure:3894: checking for clang
configure:3910: found /usr/bin/clang
configure:3921: result: clang
configure:3946: checking for Objective C compiler version
configure:3955: clang --version >&5
Apple LLVM version 5.1 (clang-503.0.40) (based on LLVM 3.4svn)
Target: x86_64-apple-darwin13.3.0
Thread model: posix
configure:3966: $? = 0
configure:3955: clang -v >&5
Apple LLVM version 5.1 (clang-503.0.40) (based on LLVM 3.4svn)
Target: x86_64-apple-darwin13.3.0
Thread model: posix
configure:3966: $? = 0
configure:3955: clang -V >&5
clang: error: argument to '-V' is missing (expected 1 value)
clang: error: no input files
configure:3966: $? = 1
configure:3955: clang -qversion >&5
clang: error: unknown argument: '-qversion' [-Wunused-command-line-argument-hard-error-in-future]
clang: note: this will be a hard error (cannot be downgraded to a warning) in the future
clang: error: no input files
configure:3966: $? = 1
configure:3970: checking whether we are using the GNU Objective C compiler
configure:3989: clang -c   conftest.m >&5
configure:3989: $? = 0
configure:3998: result: yes
configure:4007: checking whether clang accepts -g
configure:4027: clang -c -g  conftest.m >&5
configure:4027: $? = 0
configure:4068: result: yes
configure:4096: checking for bsdmake
configure:4129: result: no
configure:4096: checking for pmake
configure:4129: result: no
configure:4139: checking for bzip2
configure:4157: found /usr/bin/bzip2
configure:4169: result: /usr/bin/bzip2
configure:4179: checking for bzr
configure:4212: result: no
configure:4219: checking for chown
configure:4238: found /usr/sbin/chown
configure:4250: result: /usr/sbin/chown
configure:4260: checking for cp
configure:4278: found /bin/cp
configure:4290: result: /bin/cp
configure:4300: checking for cpio
configure:4318: found /usr/bin/cpio
configure:4330: result: /usr/bin/cpio
configure:4340: checking for cvs
configure:4373: result: no
configure:4380: checking for diff
configure:4398: found /usr/bin/diff
configure:4410: result: /usr/bin/diff
configure:4420: checking for dscl
configure:4438: found /usr/bin/dscl
configure:4450: result: /usr/bin/dscl
configure:4460: checking for dseditgroup
configure:4479: found /usr/sbin/dseditgroup
configure:4491: result: /usr/sbin/dseditgroup
configure:4501: checking for file
configure:4519: found /usr/bin/file
configure:4531: result: /usr/bin/file
configure:4541: checking for find
configure:4559: found /usr/bin/find
configure:4571: result: /usr/bin/find
configure:4581: checking for git
configure:4599: found /usr/bin/git
configure:4611: result: /usr/bin/git
configure:4623: checking for gnumake
configure:4641: found /usr/bin/gnumake
configure:4653: result: /usr/bin/gnumake
configure:4668: checking for gnupatch
configure:4701: result: no
configure:4668: checking for gpatch
configure:4701: result: no
configure:4713: checking for gnutar
configure:4746: result: no
configure:4713: checking for gtar
configure:4746: result: no
configure:4756: checking for gzip
configure:4774: found /usr/bin/gzip
configure:4786: result: /usr/bin/gzip
configure:4796: checking for hdiutil
configure:4814: found /usr/bin/hdiutil
configure:4826: result: /usr/bin/hdiutil
configure:4836: checking for hg
configure:4869: result: no
configure:4876: checking for launchctl
configure:4894: found /bin/launchctl
configure:4906: result: /bin/launchctl
configure:4916: checking for lipo
configure:4934: found /usr/bin/lipo
configure:4946: result: /usr/bin/lipo
configure:4956: checking for lsbom
configure:4974: found /usr/bin/lsbom
configure:4986: result: /usr/bin/lsbom
configure:4996: checking for lzma
configure:5029: result: no
configure:5036: checking for make
configure:5054: found /usr/bin/make
configure:5066: result: /usr/bin/make
configure:5076: checking for mdfind
configure:5094: found /usr/bin/mdfind
configure:5106: result: /usr/bin/mdfind
configure:5116: checking for mdls
configure:5134: found /usr/bin/mdls
configure:5146: result: /usr/bin/mdls
configure:5156: checking for mkbom
configure:5174: found /usr/bin/mkbom
configure:5186: result: /usr/bin/mkbom
configure:5198: checking for mtree
configure:5217: found /usr/sbin/mtree
configure:5229: result: /usr/sbin/mtree
configure:5242: checking for open
configure:5260: found /usr/bin/open
configure:5272: result: /usr/bin/open
configure:5282: checking for openssl
configure:5300: found /usr/bin/openssl
configure:5312: result: /usr/bin/openssl
configure:5322: checking for patch
configure:5340: found /usr/bin/patch
configure:5352: result: /usr/bin/patch
configure:5362: checking for pax
configure:5380: found /bin/pax
configure:5392: result: /bin/pax
configure:5402: checking for rmdir
configure:5420: found /bin/rmdir
configure:5432: result: /bin/rmdir
configure:5442: checking for rsync
configure:5460: found /usr/bin/rsync
configure:5472: result: /usr/bin/rsync
configure:5482: checking for sandbox-exec
configure:5500: found /usr/bin/sandbox-exec
configure:5512: result: /usr/bin/sandbox-exec
configure:5522: checking for sed
configure:5540: found /usr/bin/sed
configure:5552: result: /usr/bin/sed
configure:5562: checking for svn
configure:5580: found /usr/bin/svn
configure:5592: result: /usr/bin/svn
configure:5602: checking for swig
configure:5635: result: no
configure:5642: checking for tar
configure:5660: found /usr/bin/tar
configure:5672: result: /usr/bin/tar
configure:5682: checking for unzip
configure:5700: found /usr/bin/unzip
configure:5712: result: /usr/bin/unzip
configure:5722: checking for xar
configure:5740: found /usr/bin/xar
configure:5752: result: /usr/bin/xar
configure:5762: checking for xcodebuild
configure:5780: found /usr/bin/xcodebuild
configure:5792: result: /usr/bin/xcodebuild
configure:5802: checking for xcrun
configure:5820: found /usr/bin/xcrun
configure:5832: result: /usr/bin/xcrun
configure:5842: checking for xz
configure:5875: result: no
configure:5882: checking for zip
configure:5900: found /usr/bin/zip
configure:5912: result: /usr/bin/zip
configure:5923: checking for launchd
configure:5939: found /sbin/launchd
configure:5950: result: yes
configure:5985: checking for sed
configure:6015: result: /usr/bin/sed
configure:6028: checking which sed flag to use for extended regexp
configure:6038: result: -E (BSD)
configure:6055: checking for tar
configure:6085: result: /usr/bin/tar
configure:6094: checking whether tar supports -q
configure:6097: result: yes (bsdtar)
configure:6110: checking for tar
configure:6140: result: /usr/bin/tar
configure:6150: checking for gnutar
configure:6183: result: no
configure:6189: checking for which tar variant to use
configure:6196: result: /usr/bin/tar
configure:6200: checking for /usr/bin/tar --no-same-owner support
configure:6204: result: no
configure:6215: checking for patch
configure:6245: result: /usr/bin/patch
configure:6255: checking for gpatch
configure:6288: result: no
configure:6294: checking for GNU (FSF) patch
configure:6306: result: /usr/bin/patch
configure:6338: checking how to mark unused variables
configure:6344: clang -c -g -O2  conftest.c >&5
configure:6344: $? = 0
configure:6354: result: 
configure:6359: checking for gcc symbol visibility attribute
configure:6378: clang -c -g -O2  conftest.c >&5
configure:6378: $? = 0
configure:6392: result: __attribute__((visibility("hidden")))
configure:6577: checking for the pthreads library -lpthreads
configure:6610: clang -o conftest -g -O2    conftest.c -lpthreads  >&5
ld: library not found for -lpthreads
clang: error: linker command failed with exit code 1 (use -v to see invocation)
configure:6610: $? = 1
configure: failed program was:
| /* confdefs.h */
| #define PACKAGE_NAME "MacPorts"
| #define PACKAGE_TARNAME "macports"
| #define PACKAGE_VERSION "2.3.3"
| #define PACKAGE_STRING "MacPorts 2.3.3"
| #define PACKAGE_BUGREPORT "macports-dev@lists.macosforge.org"
| #define PACKAGE_URL ""
| #define UNUSED __attribute__((unused))
| #define MP_PRIVATE __attribute__((visibility("hidden")))
| /* end confdefs.h.  */
| #include <pthread.h>
| int
| main ()
| {
| pthread_t th; pthread_join(th, 0);
|                      pthread_attr_init(0); pthread_cleanup_push(0, 0);
|                      pthread_create(0,0,0,0); pthread_cleanup_pop(0);
|   ;
|   return 0;
| }
configure:6619: result: no
configure:6522: checking whether pthreads work without any flags
configure:6610: clang -o conftest -g -O2    conftest.c   >&5
configure:6610: $? = 0
configure:6619: result: yes
configure:6638: checking for joinable pthread attribute
configure:6653: clang -o conftest -g -O2    conftest.c   >&5
configure:6653: $? = 0
configure:6659: result: PTHREAD_CREATE_JOINABLE
configure:6669: checking if more special flags are required for pthreads
configure:6676: result: -D_THREAD_SAFE
configure:6713: checking how to run the Objective C preprocessor
configure:6740: clang -E  conftest.m
configure:6740: $? = 0
configure:6754: clang -E  conftest.m
conftest.m:12:10: fatal error: 'ac_nonexistent.h' file not found
#include <ac_nonexistent.h>
         ^
1 error generated.
configure:6754: $? = 1
configure: failed program was:
| /* confdefs.h */
| #define PACKAGE_NAME "MacPorts"
| #define PACKAGE_TARNAME "macports"
| #define PACKAGE_VERSION "2.3.3"
| #define PACKAGE_STRING "MacPorts 2.3.3"
| #define PACKAGE_BUGREPORT "macports-dev@lists.macosforge.org"
| #define PACKAGE_URL ""
| #define UNUSED __attribute__((unused))
| #define MP_PRIVATE __attribute__((visibility("hidden")))
| #define HAVE_PTHREAD 1
| /* end confdefs.h.  */
| #include <ac_nonexistent.h>
configure:6779: result: clang -E
configure:6799: clang -E  conftest.m
configure:6799: $? = 0
configure:6813: clang -E  conftest.m
conftest.m:12:10: fatal error: 'ac_nonexistent.h' file not found
#include <ac_nonexistent.h>
         ^
1 error generated.
configure:6813: $? = 1
configure: failed program was:
| /* confdefs.h */
| #define PACKAGE_NAME "MacPorts"
| #define PACKAGE_TARNAME "macports"
| #define PACKAGE_VERSION "2.3.3"
| #define PACKAGE_STRING "MacPorts 2.3.3"
| #define PACKAGE_BUGREPORT "macports-dev@lists.macosforge.org"
| #define PACKAGE_URL ""
| #define UNUSED __attribute__((unused))
| #define MP_PRIVATE __attribute__((visibility("hidden")))
| #define HAVE_PTHREAD 1
| /* end confdefs.h.  */
| #include <ac_nonexistent.h>
configure:6842: checking for grep that handles long lines and -e
configure:6900: result: /usr/bin/grep
configure:6905: checking for egrep
configure:6967: result: /usr/bin/grep -E
configure:6972: checking for ANSI C header files
configure:6992: clang -c -g -O2  conftest.m >&5
configure:6992: $? = 0
configure:7065: clang -o conftest -g -O2   conftest.m  >&5
configure:7065: $? = 0
configure:7065: ./conftest
configure:7065: $? = 0
configure:7076: result: yes
configure:7089: checking for sys/types.h
configure:7089: clang -c -g -O2  conftest.m >&5
configure:7089: $? = 0
configure:7089: result: yes
configure:7089: checking for sys/stat.h
configure:7089: clang -c -g -O2  conftest.m >&5
configure:7089: $? = 0
configure:7089: result: yes
configure:7089: checking for stdlib.h
configure:7089: clang -c -g -O2  conftest.m >&5
configure:7089: $? = 0
configure:7089: result: yes
configure:7089: checking for string.h
configure:7089: clang -c -g -O2  conftest.m >&5
configure:7089: $? = 0
configure:7089: result: yes
configure:7089: checking for memory.h
configure:7089: clang -c -g -O2  conftest.m >&5
configure:7089: $? = 0
configure:7089: result: yes
configure:7089: checking for strings.h
configure:7089: clang -c -g -O2  conftest.m >&5
configure:7089: $? = 0
configure:7089: result: yes
configure:7089: checking for inttypes.h
configure:7089: clang -c -g -O2  conftest.m >&5
configure:7089: $? = 0
configure:7089: result: yes
configure:7089: checking for stdint.h
configure:7089: clang -c -g -O2  conftest.m >&5
configure:7089: $? = 0
configure:7089: result: yes
configure:7089: checking for unistd.h
configure:7089: clang -c -g -O2  conftest.m >&5
configure:7089: $? = 0
configure:7089: result: yes
configure:7136: checking objc/objc.h usability
configure:7136: clang -c -g -O2  conftest.m >&5
configure:7136: $? = 0
configure:7136: result: yes
configure:7136: checking objc/objc.h presence
configure:7136: clang -E  conftest.m
configure:7136: $? = 0
configure:7136: result: yes
configure:7136: checking for objc/objc.h
configure:7136: result: yes
configure:7161: checking if linking libobjc requires pthreads
configure:7190: clang -o conftest -g -O2   conftest.m  -lobjc >&5
conftest.m:32:7: error: use of undeclared identifier 'Object'
                                                Object *obj = [Object alloc];
                                                ^
conftest.m:32:15: error: use of undeclared identifier 'obj'
                                                Object *obj = [Object alloc];
                                                        ^
conftest.m:32:22: error: use of undeclared identifier 'Object'
                                                Object *obj = [Object alloc];
                                                               ^
conftest.m:33:7: warning: implicit declaration of function 'puts' is invalid in C99 [-Wimplicit-function-declaration]
                                                puts([obj name]);
                                                ^
conftest.m:33:13: error: use of undeclared identifier 'obj'
                                                puts([obj name]);
                                                      ^
1 warning and 4 errors generated.
configure:7190: $? = 1
configure: failed program was:
| /* confdefs.h */
| #define PACKAGE_NAME "MacPorts"
| #define PACKAGE_TARNAME "macports"
| #define PACKAGE_VERSION "2.3.3"
| #define PACKAGE_STRING "MacPorts 2.3.3"
| #define PACKAGE_BUGREPORT "macports-dev@lists.macosforge.org"
| #define PACKAGE_URL ""
| #define UNUSED __attribute__((unused))
| #define MP_PRIVATE __attribute__((visibility("hidden")))
| #define HAVE_PTHREAD 1
| #define STDC_HEADERS 1
| #define HAVE_SYS_TYPES_H 1
| #define HAVE_SYS_STAT_H 1
| #define HAVE_STDLIB_H 1
| #define HAVE_STRING_H 1
| #define HAVE_MEMORY_H 1
| #define HAVE_STRINGS_H 1
| #define HAVE_INTTYPES_H 1
| #define HAVE_STDINT_H 1
| #define HAVE_UNISTD_H 1
| #define HAVE_OBJC_OBJC_H 1
| /* end confdefs.h.  */
| 
| 
| 						#include <objc/objc.h>
| 						#include <objc/Object.h>
| 
| int
| main ()
| {
| 
| 						Object *obj = [Object alloc];
| 						puts([obj name]);
| 
|   ;
|   return 0;
| }
| 
configure:7228: clang -o conftest -g -O2 -D_THREAD_SAFE    conftest.m  -lobjc  >&5
conftest.m:32:8: error: use of undeclared identifier 'Object'
                                                        Object *obj = [Object alloc];
                                                        ^
conftest.m:32:16: error: use of undeclared identifier 'obj'
                                                        Object *obj = [Object alloc];
                                                                ^
conftest.m:32:23: error: use of undeclared identifier 'Object'
                                                        Object *obj = [Object alloc];
                                                                       ^
conftest.m:33:8: warning: implicit declaration of function 'puts' is invalid in C99 [-Wimplicit-function-declaration]
                                                        puts([obj name]);
                                                        ^
conftest.m:33:14: error: use of undeclared identifier 'obj'
                                                        puts([obj name]);
                                                              ^
1 warning and 4 errors generated.
configure:7228: $? = 1
configure: failed program was:
| /* confdefs.h */
| #define PACKAGE_NAME "MacPorts"
| #define PACKAGE_TARNAME "macports"
| #define PACKAGE_VERSION "2.3.3"
| #define PACKAGE_STRING "MacPorts 2.3.3"
| #define PACKAGE_BUGREPORT "macports-dev@lists.macosforge.org"
| #define PACKAGE_URL ""
| #define UNUSED __attribute__((unused))
| #define MP_PRIVATE __attribute__((visibility("hidden")))
| #define HAVE_PTHREAD 1
| #define STDC_HEADERS 1
| #define HAVE_SYS_TYPES_H 1
| #define HAVE_SYS_STAT_H 1
| #define HAVE_STDLIB_H 1
| #define HAVE_STRING_H 1
| #define HAVE_MEMORY_H 1
| #define HAVE_STRINGS_H 1
| #define HAVE_INTTYPES_H 1
| #define HAVE_STDINT_H 1
| #define HAVE_UNISTD_H 1
| #define HAVE_OBJC_OBJC_H 1
| /* end confdefs.h.  */
| 
| 
| 							#include <objc/objc.h>
| 							#include <objc/Object.h>
| 
| int
| main ()
| {
| 
| 							Object *obj = [Object alloc];
| 							puts([obj name]);
| 
|   ;
|   return 0;
| }
| 
configure:7248: result: no
configure:7261: checking for Apple Objective-C runtime
configure:7290: clang -o conftest -g -O2 -D_THREAD_SAFE    conftest.m  -lobjc  >&5
conftest.m:32:19: warning: implicit declaration of function 'objc_lookUpClass' is invalid in C99 [-Wimplicit-function-declaration]
                                                        id class = objc_lookUpClass("Object");
                                                                   ^
conftest.m:32:11: warning: incompatible integer to pointer conversion initializing 'id' with an expression of type 'int' [-Wint-conversion]
                                                        id class = objc_lookUpClass("Object");
                                                           ^       ~~~~~~~~~~~~~~~~~~~~~~~~~~
conftest.m:33:24: warning: instance method '-alloc' not found (return type defaults to 'id') [-Wobjc-method-access]
                                                        id obj = [class alloc];
                                                                        ^~~~~
conftest.m:34:8: warning: implicit declaration of function 'puts' is invalid in C99 [-Wimplicit-function-declaration]
                                                        puts([obj name]);
                                                        ^
conftest.m:34:18: warning: instance method '-name' not found (return type defaults to 'id') [-Wobjc-method-access]
                                                        puts([obj name]);
                                                                  ^~~~
5 warnings generated.
configure:7290: $? = 0
configure:7305: result: yes
configure:7312: checking for GNU Objective C runtime
configure:7340: clang -o conftest -g -O2 -D_THREAD_SAFE    conftest.m  -lobjc  >&5
conftest.m:31:19: warning: implicit declaration of function 'objc_lookup_class' is invalid in C99 [-Wimplicit-function-declaration]
                                                        id class = objc_lookup_class("Object");
                                                                   ^
conftest.m:31:11: warning: incompatible integer to pointer conversion initializing 'id' with an expression of type 'int' [-Wint-conversion]
                                                        id class = objc_lookup_class("Object");
                                                           ^       ~~~~~~~~~~~~~~~~~~~~~~~~~~~
conftest.m:32:24: warning: instance method '-alloc' not found (return type defaults to 'id') [-Wobjc-method-access]
                                                        id obj = [class alloc];
                                                                        ^~~~~
conftest.m:33:8: warning: implicit declaration of function 'puts' is invalid in C99 [-Wimplicit-function-declaration]
                                                        puts([obj name]);
                                                        ^
conftest.m:33:18: warning: instance method '-name' not found (return type defaults to 'id') [-Wobjc-method-access]
                                                        puts([obj name]);
                                                                  ^~~~
5 warnings generated.
Undefined symbols for architecture x86_64:
  "_objc_lookup_class", referenced from:
      _main in conftest-255e5c.o
ld: symbol(s) not found for architecture x86_64
clang: error: linker command failed with exit code 1 (use -v to see invocation)
configure:7340: $? = 1
configure: failed program was:
| /* confdefs.h */
| #define PACKAGE_NAME "MacPorts"
| #define PACKAGE_TARNAME "macports"
| #define PACKAGE_VERSION "2.3.3"
| #define PACKAGE_STRING "MacPorts 2.3.3"
| #define PACKAGE_BUGREPORT "macports-dev@lists.macosforge.org"
| #define PACKAGE_URL ""
| #define UNUSED __attribute__((unused))
| #define MP_PRIVATE __attribute__((visibility("hidden")))
| #define HAVE_PTHREAD 1
| #define STDC_HEADERS 1
| #define HAVE_SYS_TYPES_H 1
| #define HAVE_SYS_STAT_H 1
| #define HAVE_STDLIB_H 1
| #define HAVE_STRING_H 1
| #define HAVE_MEMORY_H 1
| #define HAVE_STRINGS_H 1
| #define HAVE_INTTYPES_H 1
| #define HAVE_STDINT_H 1
| #define HAVE_UNISTD_H 1
| #define HAVE_OBJC_OBJC_H 1
| /* end confdefs.h.  */
| 
| 
| 							#include <objc/objc.h>
| 
| int
| main ()
| {
| 
| 							id class = objc_lookup_class("Object");
| 							id obj = [class alloc];
| 							puts([obj name]);
| 
|   ;
|   return 0;
| }
| 
configure:7355: result: no
configure:7367: Using Apple Objective-C runtime
configure:7447: checking for Apple Foundation library
configure:7483: clang -o conftest -g -O2   conftest.m -framework Foundation  >&5
conftest.m:32:46: warning: 'initWithCString:' is deprecated: first deprecated in OS X 10.4 [-Wdeprecated-declarations]
                                                                NSString *string = [[NSString alloc] initWithCString: "Hello World"];
                                                                                                     ^
/System/Library/Frameworks/Foundation.framework/Headers/NSString.h:361:1: note: method 'initWithCString:' declared here
- (id)initWithCString:(const char *)bytes NS_DEPRECATED(10_0, 10_4, 2_0, 2_0);  
^
conftest.m:33:19: warning: class method '+length' not found (return type defaults to 'id') [-Wobjc-method-access]
                                                                [NSString length];
                                                                          ^~~~~~
2 warnings generated.
configure:7483: $? = 0
configure:7501: result: yes
configure:7513: WARNING: GNUSTEP_SYSTEM_ROOT is not defined in your environment, preventing the use of GNUstep's Foundation library
configure:7600: Using Apple Foundation library
configure:7636: checking for CoreFoundation framework
configure:7664: clang -o conftest -g -O2   conftest.c -framework CoreFoundation  >&5
configure:7664: $? = 0
configure:7682: result: yes
configure:7696: checking for SystemConfiguration framework
configure:7724: clang -o conftest -g -O2   conftest.c -framework SystemConfiguration  >&5
configure:7724: $? = 0
configure:7742: result: yes
configure:7756: checking for IOKit framework
configure:7784: clang -o conftest -g -O2   conftest.c -framework IOKit  >&5
conftest.c:36:6: warning: implicit declaration of function 'IORegisterForSystemPower' is invalid in C99 [-Wimplicit-function-declaration]
                                        IORegisterForSystemPower(0, NULL, NULL, NULL);
                                        ^
1 warning generated.
configure:7784: $? = 0
configure:7802: result: yes
configure:7816: checking for CFNotificationCenterGetDarwinNotifyCenter
configure:7843: clang -o conftest -g -O2   conftest.c -framework CoreFoundation  >&5
configure:7843: $? = 0
configure:7861: result: yes
configure:7878: checking for whether we will build daemondo
configure:7895: result: yes
configure:7930: checking for ports tree
configure:7952: WARNING: No ports tree found
configure:7959: checking for MacPorts config directory
configure:7964: result: ${sysconfdir}/macports
configure:8021: checking for install user
configure:8027: result: root
configure:8041: checking for install group
configure:8060: result: admin
configure:8074: checking for macports user
configure:8080: result: macports
configure:8094: checking what permissions to use for installation directories
configure:8100: result: 0755
configure:8140: checking for Applications installation directory
configure:8151: result: /Applications/MacPorts
configure:8170: checking for Frameworks installation directory
configure:8177: result: /opt/local/Library/Frameworks
configure:8211: checking for Universal CPU architectures
configure:8213: result: x86_64 i386
configure:8225: checking how to run the C preprocessor
configure:8256: clang -E  conftest.c
configure:8256: $? = 0
configure:8270: clang -E  conftest.c
conftest.c:29:10: fatal error: 'ac_nonexistent.h' file not found
#include <ac_nonexistent.h>
         ^
1 error generated.
configure:8270: $? = 1
configure: failed program was:
| /* confdefs.h */
| #define PACKAGE_NAME "MacPorts"
| #define PACKAGE_TARNAME "macports"
| #define PACKAGE_VERSION "2.3.3"
| #define PACKAGE_STRING "MacPorts 2.3.3"
| #define PACKAGE_BUGREPORT "macports-dev@lists.macosforge.org"
| #define PACKAGE_URL ""
| #define UNUSED __attribute__((unused))
| #define MP_PRIVATE __attribute__((visibility("hidden")))
| #define HAVE_PTHREAD 1
| #define STDC_HEADERS 1
| #define HAVE_SYS_TYPES_H 1
| #define HAVE_SYS_STAT_H 1
| #define HAVE_STDLIB_H 1
| #define HAVE_STRING_H 1
| #define HAVE_MEMORY_H 1
| #define HAVE_STRINGS_H 1
| #define HAVE_INTTYPES_H 1
| #define HAVE_STDINT_H 1
| #define HAVE_UNISTD_H 1
| #define HAVE_OBJC_OBJC_H 1
| #define APPLE_RUNTIME 1
| #define APPLE_FOUNDATION 1
| #define HAVE_FRAMEWORK_COREFOUNDATION /**/
| #define HAVE_FRAMEWORK_SYSTEMCONFIGURATION /**/
| #define HAVE_FRAMEWORK_IOKIT /**/
| #define HAVE_FUNCTION_CFNOTIFICATIONCENTERGETDARWINNOTIFYCENTER /**/
| /* end confdefs.h.  */
| #include <ac_nonexistent.h>
configure:8295: result: clang -E
configure:8315: clang -E  conftest.c
configure:8315: $? = 0
configure:8329: clang -E  conftest.c
conftest.c:29:10: fatal error: 'ac_nonexistent.h' file not found
#include <ac_nonexistent.h>
         ^
1 error generated.
configure:8329: $? = 1
configure: failed program was:
| /* confdefs.h */
| #define PACKAGE_NAME "MacPorts"
| #define PACKAGE_TARNAME "macports"
| #define PACKAGE_VERSION "2.3.3"
| #define PACKAGE_STRING "MacPorts 2.3.3"
| #define PACKAGE_BUGREPORT "macports-dev@lists.macosforge.org"
| #define PACKAGE_URL ""
| #define UNUSED __attribute__((unused))
| #define MP_PRIVATE __attribute__((visibility("hidden")))
| #define HAVE_PTHREAD 1
| #define STDC_HEADERS 1
| #define HAVE_SYS_TYPES_H 1
| #define HAVE_SYS_STAT_H 1
| #define HAVE_STDLIB_H 1
| #define HAVE_STRING_H 1
| #define HAVE_MEMORY_H 1
| #define HAVE_STRINGS_H 1
| #define HAVE_INTTYPES_H 1
| #define HAVE_STDINT_H 1
| #define HAVE_UNISTD_H 1
| #define HAVE_OBJC_OBJC_H 1
| #define APPLE_RUNTIME 1
| #define APPLE_FOUNDATION 1
| #define HAVE_FRAMEWORK_COREFOUNDATION /**/
| #define HAVE_FRAMEWORK_SYSTEMCONFIGURATION /**/
| #define HAVE_FRAMEWORK_IOKIT /**/
| #define HAVE_FUNCTION_CFNOTIFICATIONCENTERGETDARWINNOTIFYCENTER /**/
| /* end confdefs.h.  */
| #include <ac_nonexistent.h>
configure:8358: checking for ANSI C header files
configure:8462: result: yes
configure:8473: checking for dirent.h that defines DIR
configure:8492: clang -c -g -O2  conftest.c >&5
configure:8492: $? = 0
configure:8500: result: yes
configure:8513: checking for library containing opendir
configure:8544: clang -o conftest -g -O2   conftest.c  >&5
configure:8544: $? = 0
configure:8561: result: none required
configure:8628: checking for sys/wait.h that is POSIX.1 compatible
configure:8654: clang -c -g -O2  conftest.c >&5
configure:8654: $? = 0
configure:8661: result: yes
configure:8674: checking crt_externs.h usability
configure:8674: clang -c -g -O2  conftest.c >&5
configure:8674: $? = 0
configure:8674: result: yes
configure:8674: checking crt_externs.h presence
configure:8674: clang -E  conftest.c
configure:8674: $? = 0
configure:8674: result: yes
configure:8674: checking for crt_externs.h
configure:8674: result: yes
configure:8674: checking err.h usability
configure:8674: clang -c -g -O2  conftest.c >&5
configure:8674: $? = 0
configure:8674: result: yes
configure:8674: checking err.h presence
configure:8674: clang -E  conftest.c
configure:8674: $? = 0
configure:8674: result: yes
configure:8674: checking for err.h
configure:8674: result: yes
configure:8674: checking fcntl.h usability
configure:8674: clang -c -g -O2  conftest.c >&5
configure:8674: $? = 0
configure:8674: result: yes
configure:8674: checking fcntl.h presence
configure:8674: clang -E  conftest.c
configure:8674: $? = 0
configure:8674: result: yes
configure:8674: checking for fcntl.h
configure:8674: result: yes
configure:8674: checking libkern/OSAtomic.h usability
configure:8674: clang -c -g -O2  conftest.c >&5
configure:8674: $? = 0
configure:8674: result: yes
configure:8674: checking libkern/OSAtomic.h presence
configure:8674: clang -E  conftest.c
configure:8674: $? = 0
configure:8674: result: yes
configure:8674: checking for libkern/OSAtomic.h
configure:8674: result: yes
configure:8674: checking limits.h usability
configure:8674: clang -c -g -O2  conftest.c >&5
configure:8674: $? = 0
configure:8674: result: yes
configure:8674: checking limits.h presence
configure:8674: clang -E  conftest.c
configure:8674: $? = 0
configure:8674: result: yes
configure:8674: checking for limits.h
configure:8674: result: yes
configure:8674: checking paths.h usability
configure:8674: clang -c -g -O2  conftest.c >&5
configure:8674: $? = 0
configure:8674: result: yes
configure:8674: checking paths.h presence
configure:8674: clang -E  conftest.c
configure:8674: $? = 0
configure:8674: result: yes
configure:8674: checking for paths.h
configure:8674: result: yes
configure:8674: checking pwd.h usability
configure:8674: clang -c -g -O2  conftest.c >&5
configure:8674: $? = 0
configure:8674: result: yes
configure:8674: checking pwd.h presence
configure:8674: clang -E  conftest.c
configure:8674: $? = 0
configure:8674: result: yes
configure:8674: checking for pwd.h
configure:8674: result: yes
configure:8674: checking readline/history.h usability
configure:8674: clang -c -g -O2  conftest.c >&5
configure:8674: $? = 0
configure:8674: result: yes
configure:8674: checking readline/history.h presence
configure:8674: clang -E  conftest.c
configure:8674: $? = 0
configure:8674: result: yes
configure:8674: checking for readline/history.h
configure:8674: result: yes
configure:8674: checking readline/readline.h usability
configure:8674: clang -c -g -O2  conftest.c >&5
configure:8674: $? = 0
configure:8674: result: yes
configure:8674: checking readline/readline.h presence
configure:8674: clang -E  conftest.c
configure:8674: $? = 0
configure:8674: result: yes
configure:8674: checking for readline/readline.h
configure:8674: result: yes
configure:8674: checking spawn.h usability
configure:8674: clang -c -g -O2  conftest.c >&5
configure:8674: $? = 0
configure:8674: result: yes
configure:8674: checking spawn.h presence
configure:8674: clang -E  conftest.c
configure:8674: $? = 0
configure:8674: result: yes
configure:8674: checking for spawn.h
configure:8674: result: yes
configure:8674: checking sys/cdefs.h usability
configure:8674: clang -c -g -O2  conftest.c >&5
configure:8674: $? = 0
configure:8674: result: yes
configure:8674: checking sys/cdefs.h presence
configure:8674: clang -E  conftest.c
configure:8674: $? = 0
configure:8674: result: yes
configure:8674: checking for sys/cdefs.h
configure:8674: result: yes
configure:8674: checking sys/event.h usability
configure:8674: clang -c -g -O2  conftest.c >&5
configure:8674: $? = 0
configure:8674: result: yes
configure:8674: checking sys/event.h presence
configure:8674: clang -E  conftest.c
configure:8674: $? = 0
configure:8674: result: yes
configure:8674: checking for sys/event.h
configure:8674: result: yes
configure:8674: checking sys/fcntl.h usability
configure:8674: clang -c -g -O2  conftest.c >&5
configure:8674: $? = 0
configure:8674: result: yes
configure:8674: checking sys/fcntl.h presence
configure:8674: clang -E  conftest.c
configure:8674: $? = 0
configure:8674: result: yes
configure:8674: checking for sys/fcntl.h
configure:8674: result: yes
configure:8674: checking sys/file.h usability
configure:8674: clang -c -g -O2  conftest.c >&5
configure:8674: $? = 0
configure:8674: result: yes
configure:8674: checking sys/file.h presence
configure:8674: clang -E  conftest.c
configure:8674: $? = 0
configure:8674: result: yes
configure:8674: checking for sys/file.h
configure:8674: result: yes
configure:8674: checking sys/paths.h usability
configure:8674: clang -c -g -O2  conftest.c >&5
configure:8674: $? = 0
configure:8674: result: yes
configure:8674: checking sys/paths.h presence
configure:8674: clang -E  conftest.c
configure:8674: $? = 0
configure:8674: result: yes
configure:8674: checking for sys/paths.h
configure:8674: result: yes
configure:8674: checking sys/socket.h usability
configure:8674: clang -c -g -O2  conftest.c >&5
configure:8674: $? = 0
configure:8674: result: yes
configure:8674: checking sys/socket.h presence
configure:8674: clang -E  conftest.c
configure:8674: $? = 0
configure:8674: result: yes
configure:8674: checking for sys/socket.h
configure:8674: result: yes
configure:8674: checking sys/sysctl.h usability
configure:8674: clang -c -g -O2  conftest.c >&5
configure:8674: $? = 0
configure:8674: result: yes
configure:8674: checking sys/sysctl.h presence
configure:8674: clang -E  conftest.c
configure:8674: $? = 0
configure:8674: result: yes
configure:8674: checking for sys/sysctl.h
configure:8674: result: yes
configure:8674: checking utime.h usability
configure:8674: clang -c -g -O2  conftest.c >&5
configure:8674: $? = 0
configure:8674: result: yes
configure:8674: checking utime.h presence
configure:8674: clang -E  conftest.c
configure:8674: $? = 0
configure:8674: result: yes
configure:8674: checking for utime.h
configure:8674: result: yes
configure:8692: checking for OSAtomicCompareAndSwap32
configure:8692: clang -o conftest -g -O2   conftest.c  >&5
configure:8692: $? = 0
configure:8692: result: yes
configure:8692: checking for OSAtomicCompareAndSwap64
configure:8692: clang -o conftest -g -O2   conftest.c  >&5
configure:8692: $? = 0
configure:8692: result: yes
configure:8692: checking for OSAtomicCompareAndSwapPtr
configure:8692: clang -o conftest -g -O2   conftest.c  >&5
configure:8692: $? = 0
configure:8692: result: yes
configure:8692: checking for __getdirentries64
configure:8692: clang -o conftest -g -O2   conftest.c  >&5
configure:8692: $? = 0
configure:8692: result: yes
configure:8692: checking for bzero
configure:8692: clang -o conftest -g -O2   conftest.c  >&5
conftest.c:77:6: warning: incompatible redeclaration of library function 'bzero' [-Wincompatible-library-redeclaration]
char bzero ();
     ^
conftest.c:77:6: note: 'bzero' is a builtin with type 'void (void *, unsigned long)'
1 warning generated.
configure:8692: $? = 0
configure:8692: result: yes
configure:8692: checking for clearenv
configure:8692: clang -o conftest -g -O2   conftest.c  >&5
Undefined symbols for architecture x86_64:
  "_clearenv", referenced from:
      _main in conftest-75f0fa.o
ld: symbol(s) not found for architecture x86_64
clang: error: linker command failed with exit code 1 (use -v to see invocation)
configure:8692: $? = 1
configure: failed program was:
| /* confdefs.h */
| #define PACKAGE_NAME "MacPorts"
| #define PACKAGE_TARNAME "macports"
| #define PACKAGE_VERSION "2.3.3"
| #define PACKAGE_STRING "MacPorts 2.3.3"
| #define PACKAGE_BUGREPORT "macports-dev@lists.macosforge.org"
| #define PACKAGE_URL ""
| #define UNUSED __attribute__((unused))
| #define MP_PRIVATE __attribute__((visibility("hidden")))
| #define HAVE_PTHREAD 1
| #define STDC_HEADERS 1
| #define HAVE_SYS_TYPES_H 1
| #define HAVE_SYS_STAT_H 1
| #define HAVE_STDLIB_H 1
| #define HAVE_STRING_H 1
| #define HAVE_MEMORY_H 1
| #define HAVE_STRINGS_H 1
| #define HAVE_INTTYPES_H 1
| #define HAVE_STDINT_H 1
| #define HAVE_UNISTD_H 1
| #define HAVE_OBJC_OBJC_H 1
| #define APPLE_RUNTIME 1
| #define APPLE_FOUNDATION 1
| #define HAVE_FRAMEWORK_COREFOUNDATION /**/
| #define HAVE_FRAMEWORK_SYSTEMCONFIGURATION /**/
| #define HAVE_FRAMEWORK_IOKIT /**/
| #define HAVE_FUNCTION_CFNOTIFICATIONCENTERGETDARWINNOTIFYCENTER /**/
| #define STDC_HEADERS 1
| #define HAVE_DIRENT_H 1
| #define HAVE_SYS_WAIT_H 1
| #define HAVE_CRT_EXTERNS_H 1
| #define HAVE_ERR_H 1
| #define HAVE_FCNTL_H 1
| #define HAVE_LIBKERN_OSATOMIC_H 1
| #define HAVE_LIMITS_H 1
| #define HAVE_PATHS_H 1
| #define HAVE_PWD_H 1
| #define HAVE_READLINE_HISTORY_H 1
| #define HAVE_READLINE_READLINE_H 1
| #define HAVE_SPAWN_H 1
| #define HAVE_SYS_CDEFS_H 1
| #define HAVE_SYS_EVENT_H 1
| #define HAVE_SYS_FCNTL_H 1
| #define HAVE_SYS_FILE_H 1
| #define HAVE_SYS_PATHS_H 1
| #define HAVE_SYS_SOCKET_H 1
| #define HAVE_SYS_SYSCTL_H 1
| #define HAVE_UTIME_H 1
| #define HAVE_OSATOMICCOMPAREANDSWAP32 1
| #define HAVE_OSATOMICCOMPAREANDSWAP64 1
| #define HAVE_OSATOMICCOMPAREANDSWAPPTR 1
| #define HAVE___GETDIRENTRIES64 1
| #define HAVE_BZERO 1
| /* end confdefs.h.  */
| /* Define clearenv to an innocuous variant, in case <limits.h> declares clearenv.
|    For example, HP-UX 11i <limits.h> declares gettimeofday.  */
| #define clearenv innocuous_clearenv
| 
| /* System header to define __stub macros and hopefully few prototypes,
|     which can conflict with char clearenv (); below.
|     Prefer <limits.h> to <assert.h> if __STDC__ is defined, since
|     <limits.h> exists even on freestanding compilers.  */
| 
| #ifdef __STDC__
| # include <limits.h>
| #else
| # include <assert.h>
| #endif
| 
| #undef clearenv
| 
| /* Override any GCC internal prototype to avoid an error.
|    Use char because int might match the return type of a GCC
|    builtin and then its argument prototype would still apply.  */
| #ifdef __cplusplus
| extern "C"
| #endif
| char clearenv ();
| /* The GNU C library defines this for functions which it implements
|     to always fail with ENOSYS.  Some functions are actually named
|     something starting with __ and the normal name is an alias.  */
| #if defined __stub_clearenv || defined __stub___clearenv
| choke me
| #endif
| 
| int
| main ()
| {
| return clearenv ();
|   ;
|   return 0;
| }
configure:8692: result: no
configure:8692: checking for copyfile
configure:8692: clang -o conftest -g -O2   conftest.c  >&5
configure:8692: $? = 0
configure:8692: result: yes
configure:8692: checking for fgetln
configure:8692: clang -o conftest -g -O2   conftest.c  >&5
configure:8692: $? = 0
configure:8692: result: yes
configure:8692: checking for flock
configure:8692: clang -o conftest -g -O2   conftest.c  >&5
configure:8692: $? = 0
configure:8692: result: yes
configure:8692: checking for fls
configure:8692: clang -o conftest -g -O2   conftest.c  >&5
configure:8692: $? = 0
configure:8692: result: yes
configure:8692: checking for kqueue
configure:8692: clang -o conftest -g -O2   conftest.c  >&5
configure:8692: $? = 0
configure:8692: result: yes
configure:8692: checking for lockf
configure:8692: clang -o conftest -g -O2   conftest.c  >&5
configure:8692: $? = 0
configure:8692: result: yes
configure:8692: checking for memset
configure:8692: clang -o conftest -g -O2   conftest.c  >&5
conftest.c:84:6: warning: incompatible redeclaration of library function 'memset' [-Wincompatible-library-redeclaration]
char memset ();
     ^
conftest.c:84:6: note: 'memset' is a builtin with type 'void *(void *, int, unsigned long)'
1 warning generated.
configure:8692: $? = 0
configure:8692: result: yes
configure:8692: checking for posix_spawn
configure:8692: clang -o conftest -g -O2   conftest.c  >&5
configure:8692: $? = 0
configure:8692: result: yes
configure:8692: checking for setmode
configure:8692: clang -o conftest -g -O2   conftest.c  >&5
configure:8692: $? = 0
configure:8692: result: yes
configure:8692: checking for strcasecmp
configure:8692: clang -o conftest -g -O2   conftest.c  >&5
conftest.c:87:6: warning: incompatible redeclaration of library function 'strcasecmp' [-Wincompatible-library-redeclaration]
char strcasecmp ();
     ^
conftest.c:87:6: note: 'strcasecmp' is a builtin with type 'int (const char *, const char *)'
1 warning generated.
configure:8692: $? = 0
configure:8692: result: yes
configure:8692: checking for strlcat
configure:8692: clang -o conftest -g -O2   conftest.c  >&5
conftest.c:88:6: warning: incompatible redeclaration of library function 'strlcat' [-Wincompatible-library-redeclaration]
char strlcat ();
     ^
conftest.c:88:6: note: 'strlcat' is a builtin with type 'unsigned long (char *, const char *, unsigned long)'
1 warning generated.
configure:8692: $? = 0
configure:8692: result: yes
configure:8692: checking for strlcpy
configure:8692: clang -o conftest -g -O2   conftest.c  >&5
conftest.c:89:6: warning: incompatible redeclaration of library function 'strlcpy' [-Wincompatible-library-redeclaration]
char strlcpy ();
     ^
conftest.c:89:6: note: 'strlcpy' is a builtin with type 'unsigned long (char *, const char *, unsigned long)'
1 warning generated.
configure:8692: $? = 0
configure:8692: result: yes
configure:8692: checking for strncasecmp
configure:8692: clang -o conftest -g -O2   conftest.c  >&5
conftest.c:90:6: warning: incompatible redeclaration of library function 'strncasecmp' [-Wincompatible-library-redeclaration]
char strncasecmp ();
     ^
conftest.c:90:6: note: 'strncasecmp' is a builtin with type 'int (const char *, const char *, unsigned long)'
1 warning generated.
configure:8692: $? = 0
configure:8692: result: yes
configure:8692: checking for sysctlbyname
configure:8692: clang -o conftest -g -O2   conftest.c  >&5
configure:8692: $? = 0
configure:8692: result: yes
configure:8704: checking if readlink conforms to POSIX 1003.1a
configure:8728: clang -c -g -O2  conftest.c >&5
configure:8728: $? = 0
configure:8743: result: yes
configure:8756: checking CommonCrypto/CommonDigest.h usability
configure:8756: clang -c -g -O2  conftest.c >&5
configure:8756: $? = 0
configure:8756: result: yes
configure:8756: checking CommonCrypto/CommonDigest.h presence
configure:8756: clang -E  conftest.c
configure:8756: $? = 0
configure:8756: result: yes
configure:8756: checking for CommonCrypto/CommonDigest.h
configure:8756: result: yes
configure:9114: checking for target platform
configure:9118: result: darwin 13
configure:9136: checking for curl-config
configure:9154: found /usr/bin/curl-config
configure:9166: result: /usr/bin/curl-config
configure:9249: checking sqlite3.h usability
configure:9249: clang -c -g -O2  conftest.c >&5
configure:9249: $? = 0
configure:9249: result: yes
configure:9249: checking sqlite3.h presence
configure:9249: clang -E  conftest.c
configure:9249: $? = 0
configure:9249: result: yes
configure:9249: checking for sqlite3.h
configure:9249: result: yes
configure:9320: checking sqlite3ext.h usability
configure:9320: clang -c -g -O2   conftest.c >&5
configure:9320: $? = 0
configure:9320: result: yes
configure:9320: checking sqlite3ext.h presence
configure:9320: clang -E   conftest.c
configure:9320: $? = 0
configure:9320: result: yes
configure:9320: checking for sqlite3ext.h
configure:9320: result: yes
configure:9339: checking for SQLite >= 3003011
configure:9359: clang -E   conftest.c
configure:9359: $? = 0
configure:9391: clang -E   conftest.c
configure:9391: $? = 0
configure:9402: result: yes
configure:9422: checking for kqueue
configure:9422: result: yes
configure:9422: checking for kevent
configure:9422: clang -o conftest -g -O2   conftest.c  >&5
configure:9422: $? = 0
configure:9422: result: yes
configure:9432: checking whether trace mode is supported on this platform
configure:9461: result: yes
configure:9525: === extracting vendor/tcl8.5.15-src.tar.gz
configure:9571: === configuring in vendor/tcl8.5.15/unix (/Users/Jiangyuhang/Desktop/interview/Distributed System/Cloud Computing - UIUC/Part1/mp1_assignment/MacPorts-2.3.3/vendor/tcl8.5.15/unix)
configure:9812: running /bin/sh ./configure '--cache-file=/dev/null' '--disable-option-checking'  '--prefix=/opt/local/libexec/macports' '--enable-threads' '--srcdir=.' in vendor/tcl8.5.15/unix
configure:9818: === finished configuring in vendor/tcl8.5.15/unix (/Users/Jiangyuhang/Desktop/interview/Distributed System/Cloud Computing - UIUC/Part1/mp1_assignment/MacPorts-2.3.3/vendor/tcl8.5.15/unix)
configure:9843: === extracting vendor/thread2.7.0.tar.gz
configure:9889: === configuring in vendor/thread2.7.0 (/Users/Jiangyuhang/Desktop/interview/Distributed System/Cloud Computing - UIUC/Part1/mp1_assignment/MacPorts-2.3.3/vendor/thread2.7.0)
configure:10130: running /bin/sh ./configure '--cache-file=/dev/null' '--disable-option-checking'  '--prefix=/opt/local/libexec/macports' '--srcdir=.' in vendor/thread2.7.0
configure:10136: === finished configuring in vendor/thread2.7.0 (/Users/Jiangyuhang/Desktop/interview/Distributed System/Cloud Computing - UIUC/Part1/mp1_assignment/MacPorts-2.3.3/vendor/thread2.7.0)
configure:10158: === extracting vendor/tcllib-1.15.tar.gz
configure:10204: === configuring in vendor/tcllib-1.15 (/Users/Jiangyuhang/Desktop/interview/Distributed System/Cloud Computing - UIUC/Part1/mp1_assignment/MacPorts-2.3.3/vendor/tcllib-1.15)
configure:10445: running /bin/sh ./configure '--cache-file=/dev/null' '--disable-option-checking'  '--prefix=/opt/local/libexec/macports' '--srcdir=.' in vendor/tcllib-1.15
configure:10451: === finished configuring in vendor/tcllib-1.15 (/Users/Jiangyuhang/Desktop/interview/Distributed System/Cloud Computing - UIUC/Part1/mp1_assignment/MacPorts-2.3.3/vendor/tcllib-1.15)
configure:10463: checking for Tcl configuration
configure:10466: result: found /Users/Jiangyuhang/Desktop/interview/Distributed System/Cloud Computing - UIUC/Part1/mp1_assignment/MacPorts-2.3.3/vendor/tcl8.5.15/unix/tclConfig.sh
configure:10469: checking for existence of /Users/Jiangyuhang/Desktop/interview/Distributed System/Cloud Computing - UIUC/Part1/mp1_assignment/MacPorts-2.3.3/vendor/tcl8.5.15/unix/tclConfig.sh
configure:10473: result: loading

## ---------------- ##
## Cache variables. ##
## ---------------- ##

ac_cv_build=x86_64-apple-darwin13.3.0
ac_cv_c_compiler_gnu=yes
ac_cv_env_BSDMAKE_set=
ac_cv_env_BSDMAKE_value=
ac_cv_env_BZIP2_set=
ac_cv_env_BZIP2_value=
ac_cv_env_CC_set=
ac_cv_env_CC_value=
ac_cv_env_CFLAGS_set=
ac_cv_env_CFLAGS_value=
ac_cv_env_CPPFLAGS_set=
ac_cv_env_CPPFLAGS_value=
ac_cv_env_CPP_set=
ac_cv_env_CPP_value=
ac_cv_env_CVS_set=
ac_cv_env_CVS_value=
ac_cv_env_GNUMAKE_set=
ac_cv_env_GNUMAKE_value=
ac_cv_env_GNUTAR_set=
ac_cv_env_GNUTAR_value=
ac_cv_env_LDFLAGS_set=
ac_cv_env_LDFLAGS_value=
ac_cv_env_LIBS_set=
ac_cv_env_LIBS_value=
ac_cv_env_LZMA_set=
ac_cv_env_LZMA_value=
ac_cv_env_MAKE_set=
ac_cv_env_MAKE_value=
ac_cv_env_MTREE_set=
ac_cv_env_MTREE_value=
ac_cv_env_OBJCFLAGS_set=
ac_cv_env_OBJCFLAGS_value=
ac_cv_env_OBJCPP_set=
ac_cv_env_OBJCPP_value=
ac_cv_env_OBJC_set=
ac_cv_env_OBJC_value=
ac_cv_env_OPENSSL_set=
ac_cv_env_OPENSSL_value=
ac_cv_env_OPEN_set=
ac_cv_env_OPEN_value=
ac_cv_env_RSYNC_set=
ac_cv_env_RSYNC_value=
ac_cv_env_SED_set=
ac_cv_env_SED_value=
ac_cv_env_SVN_set=
ac_cv_env_SVN_value=
ac_cv_env_SWIG_set=
ac_cv_env_SWIG_value=
ac_cv_env_TAR_set=
ac_cv_env_TAR_value=
ac_cv_env_XAR_set=
ac_cv_env_XAR_value=
ac_cv_env_XZ_set=
ac_cv_env_XZ_value=
ac_cv_env_build_alias_set=
ac_cv_env_build_alias_value=
ac_cv_env_host_alias_set=
ac_cv_env_host_alias_value=
ac_cv_env_target_alias_set=
ac_cv_env_target_alias_value=
ac_cv_func_OSAtomicCompareAndSwap32=yes
ac_cv_func_OSAtomicCompareAndSwap64=yes
ac_cv_func_OSAtomicCompareAndSwapPtr=yes
ac_cv_func___getdirentries64=yes
ac_cv_func_bzero=yes
ac_cv_func_clearenv=no
ac_cv_func_copyfile=yes
ac_cv_func_fgetln=yes
ac_cv_func_flock=yes
ac_cv_func_fls=yes
ac_cv_func_kevent=yes
ac_cv_func_kqueue=yes
ac_cv_func_lockf=yes
ac_cv_func_memset=yes
ac_cv_func_posix_spawn=yes
ac_cv_func_setmode=yes
ac_cv_func_strcasecmp=yes
ac_cv_func_strlcat=yes
ac_cv_func_strlcpy=yes
ac_cv_func_strncasecmp=yes
ac_cv_func_sysctlbyname=yes
ac_cv_header_CommonCrypto_CommonDigest_h=yes
ac_cv_header_crt_externs_h=yes
ac_cv_header_dirent_dirent_h=yes
ac_cv_header_err_h=yes
ac_cv_header_fcntl_h=yes
ac_cv_header_inttypes_h=yes
ac_cv_header_libkern_OSAtomic_h=yes
ac_cv_header_limits_h=yes
ac_cv_header_memory_h=yes
ac_cv_header_objc_objc_h=yes
ac_cv_header_paths_h=yes
ac_cv_header_pwd_h=yes
ac_cv_header_readline_history_h=yes
ac_cv_header_readline_readline_h=yes
ac_cv_header_spawn_h=yes
ac_cv_header_sqlite3_h=yes
ac_cv_header_sqlite3ext_h=yes
ac_cv_header_stdc=yes
ac_cv_header_stdint_h=yes
ac_cv_header_stdlib_h=yes
ac_cv_header_string_h=yes
ac_cv_header_strings_h=yes
ac_cv_header_sys_cdefs_h=yes
ac_cv_header_sys_event_h=yes
ac_cv_header_sys_fcntl_h=yes
ac_cv_header_sys_file_h=yes
ac_cv_header_sys_paths_h=yes
ac_cv_header_sys_socket_h=yes
ac_cv_header_sys_stat_h=yes
ac_cv_header_sys_sysctl_h=yes
ac_cv_header_sys_types_h=yes
ac_cv_header_sys_wait_h=yes
ac_cv_header_unistd_h=yes
ac_cv_header_utime_h=yes
ac_cv_host=x86_64-apple-darwin13.3.0
ac_cv_objc_compiler_gnu=yes
ac_cv_objc_foundation_apple=yes
ac_cv_objext=o
ac_cv_path_BZIP2=/usr/bin/bzip2
ac_cv_path_CHOWN=/usr/sbin/chown
ac_cv_path_CP=/bin/cp
ac_cv_path_CPIO=/usr/bin/cpio
ac_cv_path_CURL_CONFIG=/usr/bin/curl-config
ac_cv_path_DEFAULTS=/usr/bin/defaults
ac_cv_path_DIFF=/usr/bin/diff
ac_cv_path_DSCL=/usr/bin/dscl
ac_cv_path_DSEDITGROUP=/usr/sbin/dseditgroup
ac_cv_path_EGREP='/usr/bin/grep -E'
ac_cv_path_FILE=/usr/bin/file
ac_cv_path_FIND=/usr/bin/find
ac_cv_path_GIT=/usr/bin/git
ac_cv_path_GNUMAKE=/usr/bin/gnumake
ac_cv_path_GREP=/usr/bin/grep
ac_cv_path_GZIP=/usr/bin/gzip
ac_cv_path_HDIUTIL=/usr/bin/hdiutil
ac_cv_path_LAUNCHCTL=/bin/launchctl
ac_cv_path_LIPO=/usr/bin/lipo
ac_cv_path_LSBOM=/usr/bin/lsbom
ac_cv_path_MAKE=/usr/bin/make
ac_cv_path_MDFIND=/usr/bin/mdfind
ac_cv_path_MDLS=/usr/bin/mdls
ac_cv_path_MKBOM=/usr/bin/mkbom
ac_cv_path_MTREE=/usr/sbin/mtree
ac_cv_path_OPEN=/usr/bin/open
ac_cv_path_OPENSSL=/usr/bin/openssl
ac_cv_path_PATCH=/usr/bin/patch
ac_cv_path_PAX=/bin/pax
ac_cv_path_RMDIR=/bin/rmdir
ac_cv_path_RSYNC=/usr/bin/rsync
ac_cv_path_SANDBOX_EXEC=/usr/bin/sandbox-exec
ac_cv_path_SED=/usr/bin/sed
ac_cv_path_SVN=/usr/bin/svn
ac_cv_path_SW_VERS=/usr/bin/sw_vers
ac_cv_path_TAR=/usr/bin/tar
ac_cv_path_UNZIP=/usr/bin/unzip
ac_cv_path_XAR=/usr/bin/xar
ac_cv_path_XCODEBUILD=/usr/bin/xcodebuild
ac_cv_path_XCODE_SELECT=/usr/bin/xcode-select
ac_cv_path_XCRUN=/usr/bin/xcrun
ac_cv_path_ZIP=/usr/bin/zip
ac_cv_path_install='/usr/bin/install -c'
ac_cv_prog_CPP='clang -E'
ac_cv_prog_HAVE_LAUNCHD=yes
ac_cv_prog_OBJCPP='clang -E'
ac_cv_prog_ac_ct_CC=clang
ac_cv_prog_ac_ct_OBJC=clang
ac_cv_prog_cc_c89=
ac_cv_prog_cc_g=yes
ac_cv_prog_make_make_set=yes
ac_cv_prog_objc_g=yes
ac_cv_search_opendir='none required'
ac_cv_target=x86_64-apple-darwin13.3.0
mp_cv_attribute_mp_private='__attribute__((visibility("hidden")))'
mp_cv_have_framework_corefoundation=yes
mp_cv_have_framework_iokit=yes
mp_cv_have_framework_systemconfiguration=yes
mp_cv_have_function_cfnotificationcentergetdarwinnotifycenter=yes
mp_cv_objc_req_pthread=no
mp_cv_objc_runtime_apple=yes
mp_cv_objc_runtime_gnu=no
mp_cv_readlink_is_posix_1003_1a=yes
mp_cv_sqlite_version_defined=yes
mp_cv_sqlite_version_ge_3003011=yes

## ----------------- ##
## Output variables. ##
## ----------------- ##

BSDMAKE=''
BZIP2='/usr/bin/bzip2'
BZR=''
CC='clang'
CFLAGS='-g -O2'
CFLAGS_LIBCURL=''
CFLAGS_PEDANTIC='-pedantic'
CFLAGS_QUICHEEATERS='-Wextra -Wall'
CFLAGS_SQLITE3=''
CFLAGS_WERROR=''
CHOWN='/usr/sbin/chown'
CP='/bin/cp'
CPIO='/usr/bin/cpio'
CPP='clang -E'
CPPFLAGS=''
CURL_CONFIG='/usr/bin/curl-config'
CVS=''
DEFAULTS='/usr/bin/defaults'
DEFS=''
DEVELOPER_DIR='/Applications/Xcode.app/Contents/Developer'
DIFF='/usr/bin/diff'
DSCL='/usr/bin/dscl'
DSEDITGROUP='/usr/sbin/dseditgroup'
DSTGRP='admin'
DSTMODE='0755'
DSTUSR='root'
ECHO_C='\c'
ECHO_N=''
ECHO_T=''
EGREP='/usr/bin/grep -E'
EXEEXT=''
EXTRA_PROGS=' daemondo'
FILE='/usr/bin/file'
FIND='/usr/bin/find'
GIT='/usr/bin/git'
GNUMAKE='/usr/bin/gnumake'
GNUPATCH='/usr/bin/patch'
GNUTAR=''
GREP='/usr/bin/grep'
GZIP='/usr/bin/gzip'
HAVE_FRAMEWORK_COREFOUNDATION=''
HAVE_FRAMEWORK_IOKIT=''
HAVE_FRAMEWORK_SYSTEMCONFIGURATION=''
HAVE_FUNCTION_CFNOTIFICATIONCENTERGETDARWINNOTIFYCENTER=''
HAVE_LAUNCHD='yes'
HDIUTIL='/usr/bin/hdiutil'
HG=''
INCLUDES=''
INSTALL_DATA='${INSTALL} -m 644'
INSTALL_PROGRAM='${INSTALL}'
INSTALL_SCRIPT='${INSTALL}'
INTREE_TCLSH=''
LAUNCHCTL='/bin/launchctl'
LDFLAGS=''
LDFLAGS_LIBCURL='-lcurl'
LDFLAGS_SQLITE3='-lsqlite3'
LIBOBJS=''
LIBS=''
LIPO='/usr/bin/lipo'
LN_S='ln -s'
LSBOM='/usr/bin/lsbom'
LTLIBOBJS=''
LZMA=''
MACPORTS_VERSION='2.3.3'
MAKE='/usr/bin/make'
MD5_LIBS=''
MDFIND='/usr/bin/mdfind'
MDLS='/usr/bin/mdls'
MKBOM='/usr/bin/mkbom'
MPAPPLICATIONSDIR='/Applications/MacPorts'
MPCONFIGDIR='${sysconfdir}/macports'
MPCONFIGDIR_EXPANDED='/opt/local/etc/macports'
MPFRAMEWORKSDIR='/opt/local/Library/Frameworks'
MTREE='/usr/sbin/mtree'
OBJC='clang'
OBJCFLAGS='-g -O2'
OBJCPP='clang -E'
OBJC_FOUNDATION='Apple'
OBJC_FOUNDATION_CPPFLAGS=''
OBJC_FOUNDATION_LDFLAGS=''
OBJC_FOUNDATION_LIBS='-framework Foundation'
OBJC_LIBS='-lobjc'
OBJC_PTHREAD_CFLAGS='-D_THREAD_SAFE '
OBJC_PTHREAD_LIBS=''
OBJC_RUNTIME='APPLE_RUNTIME'
OBJC_RUNTIME_FLAGS='-fnext-runtime'
OBJEXT='o'
OPEN='/usr/bin/open'
OPENSSL='/usr/bin/openssl'
OS_MAJOR='13'
OS_PLATFORM='darwin'
PACKAGE_BUGREPORT='macports-dev@lists.macosforge.org'
PACKAGE_NAME='MacPorts'
PACKAGE_STRING='MacPorts 2.3.3'
PACKAGE_TARNAME='macports'
PACKAGE_URL=''
PACKAGE_VERSION='2.3.3'
PATCH='/usr/bin/patch'
PATH_CLEANED='/usr/local/go/bin:/Users/Jiangyuhang/bin:/usr/local/bin:/usr/bin:/bin:/usr/sbin:/sbin:/usr/local/bin:/opt/X11/bin:/usr/local/git/bin:/usr/local/go/bin:/usr/texbin'
PATH_SEPARATOR=':'
PAX='/bin/pax'
PKG_CONFIG=''
PORTSDIR=''
PTHREAD_CFLAGS='-D_THREAD_SAFE '
PTHREAD_LIBS=''
READLINE_LIBS=''
READLINK_IS_NOT_P1003_1A=''
RMDIR='/bin/rmdir'
RSYNC='/usr/bin/rsync'
RUNUSR='macports'
SANDBOX_EXEC='/usr/bin/sandbox-exec'
SED='/usr/bin/sed'
SED_EXT='-E'
SET_MAKE=''
SHELL='/bin/sh'
SHLIB_CFLAGS=''
SHLIB_LD=''
SHLIB_SUFFIX=''
STLIB_LD=''
SVN='/usr/bin/svn'
SWIG=''
SW_VERS='/usr/bin/sw_vers'
TAR='/usr/bin/tar'
TAR_CMD='/usr/bin/tar'
TAR_Q='q'
TCLSH=''
TCL_BIN_DIR='/Users/Jiangyuhang/Desktop/interview/Distributed System/Cloud Computing - UIUC/Part1/mp1_assignment/MacPorts-2.3.3/vendor/tcl8.5.15/unix'
TCL_LIB_FILE=''
TCL_LIB_FLAG=''
TCL_LIB_SPEC=''
TCL_PACKAGE_PATH=''
TCL_PREFIX=''
TCL_SRC_DIR=''
TCL_STUB_LIB_FILE=''
TCL_STUB_LIB_FLAG=''
TCL_STUB_LIB_SPEC=''
TCL_VERSION=''
TRACEMODE_SUPPORT='1'
UNIVERSAL_ARCHFLAGS=' -arch x86_64 -arch i386'
UNIVERSAL_ARCHS='x86_64 i386'
UNZIP='/usr/bin/unzip'
VENDOR_DESTROOT='vendor/vendor-destroot'
VENDOR_TCLLIB_INSTALL='install-libraries'
VENDOR_TCLLIB_SUBDIR='tcllib-1.15'
VENDOR_TCLTHREAD_INSTALL='install-binaries install-libraries'
VENDOR_TCLTHREAD_SUBDIR='thread2.7.0'
VENDOR_TCL_INSTALL='install-binaries install-libraries'
VENDOR_TCL_SUBDIR='tcl8.5.15/unix'
XAR='/usr/bin/xar'
XCODEBUILD='/usr/bin/xcodebuild'
XCODE_SELECT='/usr/bin/xcode-select'
XCRUN='/usr/bin/xcrun'
XZ=''
ZIP='/usr/bin/zip'
ac_ct_CC='clang'
ac_ct_OBJC='clang'
ac_cv_func_strlcat='yes'
acx_pthread_config=''
bindir='${exec_prefix}/bin'
build='x86_64-apple-darwin13.3.0'
build_alias=''
build_cpu='x86_64'
build_os='darwin13.3.0'
build_vendor='apple'
datadir='${datarootdir}'
datarootdir='${prefix}/share'
docdir='${datarootdir}/doc/${PACKAGE_TARNAME}'
dvidir='${docdir}'
exec_prefix='NONE'
host='x86_64-apple-darwin13.3.0'
host_alias=''
host_cpu='x86_64'
host_os='darwin13.3.0'
host_vendor='apple'
htmldir='${docdir}'
includedir='${prefix}/include'
infodir='${datarootdir}/info'
libdir='${exec_prefix}/lib'
libexecdir='${exec_prefix}/libexec'
localedir='${datarootdir}/locale'
localstatedir='${prefix}/var'
localstatedir_expanded='/opt/local/var'
mandir='${datarootdir}/man'
oldincludedir='/usr/include'
pdfdir='${docdir}'
prefix='NONE'
prefix_expanded='/opt/local'
program_transform_name='s,x,x,'
psdir='${docdir}'
sbindir='${exec_prefix}/sbin'
sharedstatedir='${prefix}/com'
sysconfdir='${prefix}/etc'
target='x86_64-apple-darwin13.3.0'
target_alias=''
target_cpu='x86_64'
target_os='darwin13.3.0'
target_vendor='apple'

## ----------- ##
## confdefs.h. ##
## ----------- ##

/* confdefs.h */
#define PACKAGE_NAME "MacPorts"
#define PACKAGE_TARNAME "macports"
#define PACKAGE_VERSION "2.3.3"
#define PACKAGE_STRING "MacPorts 2.3.3"
#define PACKAGE_BUGREPORT "macports-dev@lists.macosforge.org"
#define PACKAGE_URL ""
#define UNUSED __attribute__((unused))
#define MP_PRIVATE __attribute__((visibility("hidden")))
#define HAVE_PTHREAD 1
#define STDC_HEADERS 1
#define HAVE_SYS_TYPES_H 1
#define HAVE_SYS_STAT_H 1
#define HAVE_STDLIB_H 1
#define HAVE_STRING_H 1
#define HAVE_MEMORY_H 1
#define HAVE_STRINGS_H 1
#define HAVE_INTTYPES_H 1
#define HAVE_STDINT_H 1
#define HAVE_UNISTD_H 1
#define HAVE_OBJC_OBJC_H 1
#define APPLE_RUNTIME 1
#define APPLE_FOUNDATION 1
#define HAVE_FRAMEWORK_COREFOUNDATION /**/
#define HAVE_FRAMEWORK_SYSTEMCONFIGURATION /**/
#define HAVE_FRAMEWORK_IOKIT /**/
#define HAVE_FUNCTION_CFNOTIFICATIONCENTERGETDARWINNOTIFYCENTER /**/
#define STDC_HEADERS 1
#define HAVE_DIRENT_H 1
#define HAVE_SYS_WAIT_H 1
#define HAVE_CRT_EXTERNS_H 1
#define HAVE_ERR_H 1
#define HAVE_FCNTL_H 1
#define HAVE_LIBKERN_OSATOMIC_H 1
#define HAVE_LIMITS_H 1
#define HAVE_PATHS_H 1
#define HAVE_PWD_H 1
#define HAVE_READLINE_HISTORY_H 1
#define HAVE_READLINE_READLINE_H 1
#define HAVE_SPAWN_H 1
#define HAVE_SYS_CDEFS_H 1
#define HAVE_SYS_EVENT_H 1
#define HAVE_SYS_FCNTL_H 1
#define HAVE_SYS_FILE_H 1
#define HAVE_SYS_PATHS_H 1
#define HAVE_SYS_SOCKET_H 1
#define HAVE_SYS_SYSCTL_H 1
#define HAVE_UTIME_H 1
#define HAVE_OSATOMICCOMPAREANDSWAP32 1
#define HAVE_OSATOMICCOMPAREANDSWAP64 1
#define HAVE_OSATOMICCOMPAREANDSWAPPTR 1
#define HAVE___GETDIRENTRIES64 1
#define HAVE_BZERO 1
#define HAVE_COPYFILE 1
#define HAVE_FGETLN 1
#define HAVE_FLOCK 1
#define HAVE_FLS 1
#define HAVE_KQUEUE 1
#define HAVE_LOCKF 1
#define HAVE_MEMSET 1
#define HAVE_POSIX_SPAWN 1
#define HAVE_SETMODE 1
#define HAVE_STRCASECMP 1
#define HAVE_STRLCAT 1
#define HAVE_STRLCPY 1
#define HAVE_STRNCASECMP 1
#define HAVE_SYSCTLBYNAME 1
#define HAVE_COMMONCRYPTO_COMMONDIGEST_H 1
#define MIN_USABLE_UID 500
#define MIN_USABLE_GID 500
#define HAVE_SQLITE3EXT_H 1
#define HAVE_KQUEUE 1
#define HAVE_KEVENT 1
#define HAVE_TRACEMODE_SUPPORT 1

configure: exit 1
